2025-12-29 13:51:53,357 [INFO] flask_app: Logging initialized, output -> C:\Users\ASUS\Desktop\new_web\new_web\logs\app.log
2025-12-29 13:52:02,020 [INFO] flask_app: Logging initialized, output -> C:\Users\ASUS\Desktop\new_web\new_web\logs\app.log
2025-12-29 13:56:33,750 [INFO] flask_app: Logging initialized, output -> C:\Users\ASUS\Desktop\new_web\new_web\logs\app.log
2025-12-29 13:56:34,353 [INFO] flask_app: Logging initialized, output -> C:\Users\ASUS\Desktop\new_web\new_web\logs\app.log
2025-12-29 14:17:05,662 [INFO] flask_app: Logging initialized, output -> C:\Users\ASUS\Desktop\new_web\new_web\logs\app.log
2025-12-29 14:21:27,729 [INFO] flask_app: Logging initialized, output -> C:\Users\ASUS\Desktop\new_web\new_web\logs\app.log
2025-12-29 14:27:12,424 [INFO] flask_app: Logging initialized, output -> C:\Users\ASUS\Desktop\new_web\new_web\logs\app.log
2025-12-29 14:27:13,014 [INFO] flask_app: Logging initialized, output -> C:\Users\ASUS\Desktop\new_web\new_web\logs\app.log
2025-12-29 14:35:02,542 [INFO] flask_app: Logging initialized, output -> C:\Users\ASUS\Desktop\new_web\new_web\logs\app.log
2025-12-29 14:35:03,146 [INFO] flask_app: Logging initialized, output -> C:\Users\ASUS\Desktop\new_web\new_web\logs\app.log
2025-12-29 15:21:17,146 [INFO] flask_app: Logging initialized, output -> C:\Users\ASUS\Desktop\new_web\new_web\logs\app.log
2025-12-29 15:22:07,917 [INFO] flask_app: Logging initialized, output -> C:\Users\ASUS\Desktop\new_web\new_web\logs\app.log
2025-12-29 16:08:31,938 [INFO] flask_app: Logging initialized, output -> C:\Users\ASUS\Desktop\new_web\new_web\logs\app.log
2025-12-29 16:08:32,582 [INFO] flask_app: Logging initialized, output -> C:\Users\ASUS\Desktop\new_web\new_web\logs\app.log
2025-12-29 16:19:55,091 [INFO] flask_app: Logging initialized, output -> C:\Users\ASUS\Desktop\new_web\new_web\logs\app.log
2025-12-29 16:20:06,796 [INFO] flask_app: Logging initialized, output -> C:\Users\ASUS\Desktop\new_web\new_web\logs\app.log
2025-12-29 16:21:12,615 [INFO] flask_app: Logging initialized, output -> C:\Users\ASUS\Desktop\new_web\new_web\logs\app.log
2025-12-29 16:21:31,315 [INFO] flask_app: Logging initialized, output -> C:\Users\ASUS\Desktop\new_web\new_web\logs\app.log
2025-12-29 16:21:35,017 [INFO] flask_app: Logging initialized, output -> C:\Users\ASUS\Desktop\new_web\new_web\logs\app.log
2025-12-29 16:21:36,815 [INFO] flask_app: Logging initialized, output -> C:\Users\ASUS\Desktop\new_web\new_web\logs\app.log
2025-12-29 16:25:04,884 [INFO] flask_app: Logging initialized, output -> C:\Users\ASUS\Desktop\new_web\new_web\logs\app.log
2025-12-29 16:27:23,748 [INFO] flask_app: Logging initialized, output -> C:\Users\ASUS\Desktop\new_web\new_web\logs\app.log
2025-12-29 16:36:12,057 [INFO] flask_app: Logging initialized, output -> C:\Users\ASUS\Desktop\new_web\new_web\logs\app.log
2025-12-29 16:36:19,779 [INFO] flask_app: Logging initialized, output -> C:\Users\ASUS\Desktop\new_web\new_web\logs\app.log
2025-12-29 16:42:24,877 [INFO] flask_app: Logging initialized, output -> C:\Users\ASUS\Desktop\new_web\new_web\logs\app.log
2025-12-29 16:42:32,607 [INFO] flask_app: Logging initialized, output -> C:\Users\ASUS\Desktop\new_web\new_web\logs\app.log
2025-12-29 16:45:05,520 [INFO] flask_app: Logging initialized, output -> C:\Users\ASUS\Desktop\new_web\new_web\logs\app.log
2025-12-29 16:45:13,231 [INFO] flask_app: Logging initialized, output -> C:\Users\ASUS\Desktop\new_web\new_web\logs\app.log
2025-12-29 17:30:29,001 [INFO] flask_app: Logging initialized, output -> C:\Users\ASUS\Desktop\new_web\new_web\logs\app.log
2025-12-29 17:30:44,870 [INFO] flask_app: Logging initialized, output -> C:\Users\ASUS\Desktop\new_web\new_web\logs\app.log
2025-12-29 17:45:13,606 [INFO] flask_app: Logging initialized, output -> C:\Users\ASUS\Desktop\new_web\new_web\logs\app.log
2025-12-29 17:50:22,718 [INFO] flask_app: Logging initialized, output -> C:\Users\ASUS\Desktop\new_web\new_web\logs\app.log
2025-12-29 17:50:42,427 [INFO] flask_app: Logging initialized, output -> C:\Users\ASUS\Desktop\new_web\new_web\logs\app.log
2025-12-29 17:51:20,147 [INFO] flask_app: Logging initialized, output -> C:\Users\ASUS\Desktop\new_web\new_web\logs\app.log
2025-12-29 17:54:42,090 [INFO] flask_app: Logging initialized, output -> C:\Users\ASUS\Desktop\new_web\new_web\logs\app.log
2025-12-29 17:55:54,925 [INFO] flask_app: Logging initialized, output -> C:\Users\ASUS\Desktop\new_web\new_web\logs\app.log
2025-12-29 17:56:05,656 [INFO] flask_app: Logging initialized, output -> C:\Users\ASUS\Desktop\new_web\new_web\logs\app.log
2025-12-29 17:57:56,480 [INFO] flask_app: Logging initialized, output -> C:\Users\ASUS\Desktop\new_web\new_web\logs\app.log
2025-12-29 17:58:05,192 [INFO] flask_app: Logging initialized, output -> C:\Users\ASUS\Desktop\new_web\new_web\logs\app.log
2025-12-29 17:58:30,913 [INFO] flask_app: Logging initialized, output -> C:\Users\ASUS\Desktop\new_web\new_web\logs\app.log
2025-12-29 18:01:39,851 [INFO] flask_app: Logging initialized, output -> C:\Users\ASUS\Desktop\new_web\new_web\logs\app.log
2025-12-29 18:01:52,553 [INFO] flask_app: Logging initialized, output -> C:\Users\ASUS\Desktop\new_web\new_web\logs\app.log
2025-12-29 18:10:54,901 [INFO] flask_app: Logging initialized, output -> C:\Users\ASUS\Desktop\new_web\new_web\logs\app.log
2025-12-29 18:11:03,593 [INFO] flask_app: Logging initialized, output -> C:\Users\ASUS\Desktop\new_web\new_web\logs\app.log
2025-12-29 18:11:13,279 [INFO] flask_app: Logging initialized, output -> C:\Users\ASUS\Desktop\new_web\new_web\logs\app.log
2025-12-29 18:11:28,972 [INFO] flask_app: Logging initialized, output -> C:\Users\ASUS\Desktop\new_web\new_web\logs\app.log
2025-12-30 00:12:05,022 [INFO] flask_app: Logging initialized, output -> C:\Users\ASUS\Desktop\new_web\new_web\logs\app.log
2025-12-30 00:12:05,635 [INFO] flask_app: Logging initialized, output -> C:\Users\ASUS\Desktop\new_web\new_web\logs\app.log
2025-12-30 00:14:17,536 [INFO] flask_app: Logging initialized, output -> C:\Users\ASUS\Desktop\new_web\new_web\logs\app.log
2025-12-30 00:14:22,272 [INFO] flask_app: Logging initialized, output -> C:\Users\ASUS\Desktop\new_web\new_web\logs\app.log
2025-12-30 00:14:36,025 [INFO] flask_app: Logging initialized, output -> C:\Users\ASUS\Desktop\new_web\new_web\logs\app.log
2025-12-30 00:14:37,743 [INFO] flask_app: Logging initialized, output -> C:\Users\ASUS\Desktop\new_web\new_web\logs\app.log
2025-12-30 00:15:58,889 [INFO] flask_app: Login success: user_id=1 username=10293339 email=1029573707@qq.com ip=127.0.0.1
2025-12-30 00:16:57,607 [INFO] flask_app: Logging initialized, output -> C:\Users\ASUS\Desktop\new_web\new_web\logs\app.log
2025-12-30 00:17:02,326 [INFO] flask_app: Logging initialized, output -> C:\Users\ASUS\Desktop\new_web\new_web\logs\app.log
2025-12-30 00:17:08,047 [INFO] flask_app: Logging initialized, output -> C:\Users\ASUS\Desktop\new_web\new_web\logs\app.log
2025-12-30 00:17:13,718 [INFO] flask_app: Logging initialized, output -> C:\Users\ASUS\Desktop\new_web\new_web\logs\app.log
2025-12-30 00:17:56,793 [INFO] flask_app: Logging initialized, output -> C:\Users\ASUS\Desktop\new_web\new_web\logs\app.log
2025-12-30 00:17:57,392 [INFO] flask_app: Logging initialized, output -> C:\Users\ASUS\Desktop\new_web\new_web\logs\app.log
2025-12-30 00:18:29,841 [INFO] flask_app: DB change (user_id=11, username=www) add=['Review(id=711)'] update=[] delete=[]
2025-12-30 00:18:45,795 [INFO] flask_app: DB change (user_id=11, username=www) add=['Order(id=10)'] update=[] delete=[]
2025-12-30 00:18:45,797 [INFO] flask_app: DB change (user_id=11, username=www) add=['OrderItem(id=None)', 'OrderItem(id=None)'] update=[] delete=[]
2025-12-30 00:19:51,241 [INFO] flask_app: Logging initialized, output -> C:\Users\ASUS\Desktop\new_web\new_web\logs\app.log
2025-12-30 00:19:53,025 [INFO] flask_app: Logging initialized, output -> C:\Users\ASUS\Desktop\new_web\new_web\logs\app.log
2025-12-30 00:19:54,911 [INFO] flask_app: Logging initialized, output -> C:\Users\ASUS\Desktop\new_web\new_web\logs\app.log
2025-12-30 10:27:16,642 [INFO] flask_app: Logging initialized, output -> C:\Users\ASUS\Desktop\new_web\new_web\logs\app.log
2025-12-30 10:27:17,257 [INFO] flask_app: Logging initialized, output -> C:\Users\ASUS\Desktop\new_web\new_web\logs\app.log
2025-12-30 11:18:20,766 [INFO] flask_app: Logging initialized, output -> C:\Users\ASUS\Desktop\new_web\new_web\logs\app.log
2025-12-30 11:20:05,658 [INFO] flask_app: Logging initialized, output -> C:\Users\ASUS\Desktop\new_web\new_web\logs\app.log
2025-12-30 12:08:48,730 [INFO] flask_app: Logging initialized, output -> C:\Users\ASUS\Desktop\new_web\new_web\logs\app.log
2025-12-30 12:09:18,493 [INFO] flask_app: Logging initialized, output -> C:\Users\ASUS\Desktop\new_web\new_web\logs\app.log
2025-12-30 12:10:08,233 [INFO] flask_app: Logging initialized, output -> C:\Users\ASUS\Desktop\new_web\new_web\logs\app.log
2025-12-30 12:10:52,112 [INFO] flask_app: Logging initialized, output -> C:\Users\ASUS\Desktop\new_web\new_web\logs\app.log
2025-12-30 12:13:11,979 [INFO] flask_app: Logging initialized, output -> C:\Users\ASUS\Desktop\new_web\new_web\logs\app.log
2025-12-30 12:13:13,643 [INFO] flask_app: Logging initialized, output -> C:\Users\ASUS\Desktop\new_web\new_web\logs\app.log
2025-12-30 12:15:45,524 [INFO] flask_app: Logging initialized, output -> C:\Users\ASUS\Desktop\new_web\new_web\logs\app.log
2025-12-30 12:16:05,197 [INFO] flask_app: Logging initialized, output -> C:\Users\ASUS\Desktop\new_web\new_web\logs\app.log
2025-12-30 12:17:10,680 [INFO] flask_app: DB change (user_id=11, username=www) add=['ReviewLike(id=None)'] update=['Review(id=709)'] delete=[]
2025-12-30 12:18:41,096 [INFO] flask_app: Logging initialized, output -> C:\Users\ASUS\Desktop\new_web\new_web\logs\app.log
2025-12-30 12:19:36,886 [INFO] flask_app: Logging initialized, output -> C:\Users\ASUS\Desktop\new_web\new_web\logs\app.log
2025-12-30 12:20:00,564 [INFO] flask_app: Logging initialized, output -> C:\Users\ASUS\Desktop\new_web\new_web\logs\app.log
2025-12-30 12:20:06,228 [INFO] flask_app: Logging initialized, output -> C:\Users\ASUS\Desktop\new_web\new_web\logs\app.log
2025-12-30 12:20:12,894 [INFO] flask_app: Logging initialized, output -> C:\Users\ASUS\Desktop\new_web\new_web\logs\app.log
2025-12-30 12:20:18,613 [INFO] flask_app: Logging initialized, output -> C:\Users\ASUS\Desktop\new_web\new_web\logs\app.log
2025-12-30 12:20:26,310 [INFO] flask_app: Logging initialized, output -> C:\Users\ASUS\Desktop\new_web\new_web\logs\app.log
2025-12-30 12:20:32,999 [INFO] flask_app: Logging initialized, output -> C:\Users\ASUS\Desktop\new_web\new_web\logs\app.log
2025-12-30 12:20:38,715 [INFO] flask_app: Logging initialized, output -> C:\Users\ASUS\Desktop\new_web\new_web\logs\app.log
2025-12-30 12:20:44,441 [INFO] flask_app: Logging initialized, output -> C:\Users\ASUS\Desktop\new_web\new_web\logs\app.log
2025-12-30 12:20:51,182 [INFO] flask_app: Logging initialized, output -> C:\Users\ASUS\Desktop\new_web\new_web\logs\app.log
2025-12-30 12:21:01,854 [INFO] flask_app: Logging initialized, output -> C:\Users\ASUS\Desktop\new_web\new_web\logs\app.log
2025-12-30 12:21:07,549 [INFO] flask_app: Logging initialized, output -> C:\Users\ASUS\Desktop\new_web\new_web\logs\app.log
2025-12-30 12:21:13,281 [INFO] flask_app: Logging initialized, output -> C:\Users\ASUS\Desktop\new_web\new_web\logs\app.log
2025-12-30 12:21:21,011 [INFO] flask_app: Logging initialized, output -> C:\Users\ASUS\Desktop\new_web\new_web\logs\app.log
2025-12-30 12:21:34,698 [INFO] flask_app: Logging initialized, output -> C:\Users\ASUS\Desktop\new_web\new_web\logs\app.log
2025-12-30 12:21:40,384 [INFO] flask_app: Logging initialized, output -> C:\Users\ASUS\Desktop\new_web\new_web\logs\app.log
2025-12-30 12:21:48,056 [INFO] flask_app: Logging initialized, output -> C:\Users\ASUS\Desktop\new_web\new_web\logs\app.log
2025-12-30 12:21:54,828 [INFO] flask_app: Logging initialized, output -> C:\Users\ASUS\Desktop\new_web\new_web\logs\app.log
2025-12-30 12:22:04,548 [INFO] flask_app: Logging initialized, output -> C:\Users\ASUS\Desktop\new_web\new_web\logs\app.log
2025-12-30 12:22:11,260 [INFO] flask_app: Logging initialized, output -> C:\Users\ASUS\Desktop\new_web\new_web\logs\app.log
2025-12-30 12:22:19,980 [INFO] flask_app: Logging initialized, output -> C:\Users\ASUS\Desktop\new_web\new_web\logs\app.log
2025-12-30 12:22:26,679 [INFO] flask_app: Logging initialized, output -> C:\Users\ASUS\Desktop\new_web\new_web\logs\app.log
2025-12-30 12:22:37,353 [INFO] flask_app: Logging initialized, output -> C:\Users\ASUS\Desktop\new_web\new_web\logs\app.log
2025-12-30 12:22:57,061 [INFO] flask_app: Logging initialized, output -> C:\Users\ASUS\Desktop\new_web\new_web\logs\app.log
2025-12-30 12:26:08,947 [INFO] flask_app: Logging initialized, output -> C:\Users\ASUS\Desktop\new_web\new_web\logs\app.log
2025-12-30 12:26:14,630 [INFO] flask_app: Logging initialized, output -> C:\Users\ASUS\Desktop\new_web\new_web\logs\app.log
2025-12-30 12:26:21,347 [INFO] flask_app: Logging initialized, output -> C:\Users\ASUS\Desktop\new_web\new_web\logs\app.log
2025-12-30 12:26:28,053 [INFO] flask_app: Logging initialized, output -> C:\Users\ASUS\Desktop\new_web\new_web\logs\app.log
2025-12-30 12:26:33,731 [INFO] flask_app: Logging initialized, output -> C:\Users\ASUS\Desktop\new_web\new_web\logs\app.log
2025-12-30 12:26:40,452 [INFO] flask_app: Logging initialized, output -> C:\Users\ASUS\Desktop\new_web\new_web\logs\app.log
2025-12-30 12:26:47,133 [INFO] flask_app: Logging initialized, output -> C:\Users\ASUS\Desktop\new_web\new_web\logs\app.log
2025-12-30 12:26:53,872 [INFO] flask_app: Logging initialized, output -> C:\Users\ASUS\Desktop\new_web\new_web\logs\app.log
2025-12-30 12:27:01,558 [INFO] flask_app: Logging initialized, output -> C:\Users\ASUS\Desktop\new_web\new_web\logs\app.log
2025-12-30 12:27:08,334 [INFO] flask_app: Logging initialized, output -> C:\Users\ASUS\Desktop\new_web\new_web\logs\app.log
2025-12-30 12:27:15,082 [INFO] flask_app: Logging initialized, output -> C:\Users\ASUS\Desktop\new_web\new_web\logs\app.log
2025-12-30 12:27:25,804 [INFO] flask_app: Logging initialized, output -> C:\Users\ASUS\Desktop\new_web\new_web\logs\app.log
2025-12-30 12:27:33,475 [INFO] flask_app: Logging initialized, output -> C:\Users\ASUS\Desktop\new_web\new_web\logs\app.log
2025-12-30 12:27:40,182 [INFO] flask_app: Logging initialized, output -> C:\Users\ASUS\Desktop\new_web\new_web\logs\app.log
2025-12-30 12:27:47,849 [INFO] flask_app: Logging initialized, output -> C:\Users\ASUS\Desktop\new_web\new_web\logs\app.log
2025-12-30 12:27:54,568 [INFO] flask_app: Logging initialized, output -> C:\Users\ASUS\Desktop\new_web\new_web\logs\app.log
2025-12-30 12:28:02,301 [INFO] flask_app: Logging initialized, output -> C:\Users\ASUS\Desktop\new_web\new_web\logs\app.log
2025-12-30 12:28:10,018 [INFO] flask_app: Logging initialized, output -> C:\Users\ASUS\Desktop\new_web\new_web\logs\app.log
2025-12-30 12:28:45,770 [INFO] flask_app: Logging initialized, output -> C:\Users\ASUS\Desktop\new_web\new_web\logs\app.log
2025-12-30 12:29:09,516 [INFO] flask_app: Logging initialized, output -> C:\Users\ASUS\Desktop\new_web\new_web\logs\app.log
2025-12-30 12:29:17,225 [INFO] flask_app: Logging initialized, output -> C:\Users\ASUS\Desktop\new_web\new_web\logs\app.log
2025-12-30 12:29:24,945 [INFO] flask_app: Logging initialized, output -> C:\Users\ASUS\Desktop\new_web\new_web\logs\app.log
2025-12-30 12:29:31,670 [INFO] flask_app: Logging initialized, output -> C:\Users\ASUS\Desktop\new_web\new_web\logs\app.log
2025-12-30 12:29:39,417 [INFO] flask_app: Logging initialized, output -> C:\Users\ASUS\Desktop\new_web\new_web\logs\app.log
2025-12-30 12:29:47,120 [INFO] flask_app: Logging initialized, output -> C:\Users\ASUS\Desktop\new_web\new_web\logs\app.log
2025-12-30 12:29:53,841 [INFO] flask_app: Logging initialized, output -> C:\Users\ASUS\Desktop\new_web\new_web\logs\app.log
2025-12-30 12:30:01,566 [INFO] flask_app: Logging initialized, output -> C:\Users\ASUS\Desktop\new_web\new_web\logs\app.log
2025-12-30 12:30:13,233 [INFO] flask_app: Logging initialized, output -> C:\Users\ASUS\Desktop\new_web\new_web\logs\app.log
2025-12-30 12:34:52,261 [INFO] flask_app: Logging initialized, output -> C:\Users\ASUS\Desktop\new_web\new_web\logs\app.log
2025-12-30 13:00:00,725 [INFO] flask_app: Logging initialized, output -> C:\Users\ASUS\Desktop\new_web\new_web\logs\app.log
2025-12-30 13:08:09,813 [INFO] flask_app: Logging initialized, output -> C:\Users\ASUS\Desktop\new_web\new_web\logs\app.log
2025-12-30 13:08:10,365 [INFO] flask_app: Logging initialized, output -> C:\Users\ASUS\Desktop\new_web\new_web\logs\app.log
2025-12-30 14:36:55,233 [INFO] flask_app: Logging initialized, output -> C:\Users\ASUS\Desktop\new_web\new_web\logs\app.log
2025-12-30 14:37:26,847 [INFO] flask_app: Logging initialized, output -> C:\Users\ASUS\Desktop\new_web\new_web\logs\app.log
2025-12-30 14:37:27,452 [INFO] flask_app: Logging initialized, output -> C:\Users\ASUS\Desktop\new_web\new_web\logs\app.log
2025-12-30 14:37:53,615 [INFO] flask_app: DB change (user_id=1, username=10293339) add=[] update=[] delete=['Review(id=710)']
2025-12-30 14:38:06,324 [INFO] flask_app: DB change (user_id=1, username=10293339) add=[] update=[] delete=['Review(id=709)']
2025-12-30 14:38:47,759 [INFO] flask_app: Logging initialized, output -> C:\Users\ASUS\Desktop\new_web\new_web\logs\app.log
2025-12-30 14:41:03,601 [INFO] flask_app: Logging initialized, output -> C:\Users\ASUS\Desktop\new_web\new_web\logs\app.log
2025-12-30 14:42:11,728 [INFO] flask_app: Logging initialized, output -> C:\Users\ASUS\Desktop\new_web\new_web\logs\app.log
2025-12-30 14:42:21,393 [INFO] flask_app: Logging initialized, output -> C:\Users\ASUS\Desktop\new_web\new_web\logs\app.log
2025-12-30 14:42:28,042 [INFO] flask_app: DB change (user_id=1, username=10293339) add=[] update=[] delete=['Review(id=707)', 'Review(id=708)', 'Review(id=706)']
2025-12-30 14:43:31,066 [INFO] flask_app: Logging initialized, output -> C:\Users\ASUS\Desktop\new_web\new_web\logs\app.log
2025-12-30 14:43:57,672 [INFO] flask_app: DB change (user_id=1, username=10293339) add=[] update=[] delete=['Review(id=705)']
2025-12-30 14:44:03,022 [INFO] flask_app: DB change (user_id=1, username=10293339) add=[] update=[] delete=['Review(id=703)', 'Review(id=704)', 'Review(id=702)']
