2025-12-30 00:16:57,608 [INFO] user_activity: User activity logging initialized, output -> C:\Users\ASUS\Desktop\new_web\new_web\logs\user_log.log
2025-12-30 00:17:02,326 [INFO] user_activity: User activity logging initialized, output -> C:\Users\ASUS\Desktop\new_web\new_web\logs\user_log.log
2025-12-30 00:17:08,047 [INFO] user_activity: User activity logging initialized, output -> C:\Users\ASUS\Desktop\new_web\new_web\logs\user_log.log
2025-12-30 00:17:13,719 [INFO] user_activity: User activity logging initialized, output -> C:\Users\ASUS\Desktop\new_web\new_web\logs\user_log.log
2025-12-30 00:17:35,435 [INFO] user_activity: Logout: user_id=1 username=10293339 ip=127.0.0.1
2025-12-30 00:17:56,793 [INFO] user_activity: User activity logging initialized, output -> C:\Users\ASUS\Desktop\new_web\new_web\logs\user_log.log
2025-12-30 00:17:57,393 [INFO] user_activity: User activity logging initialized, output -> C:\Users\ASUS\Desktop\new_web\new_web\logs\user_log.log
2025-12-30 00:18:22,860 [INFO] user_activity: Login success: user_id=11 username=www email=17291138228@qq.com ip=127.0.0.1
2025-12-30 00:18:29,841 [INFO] user_activity: DB change (user_id=11, username=www) add=['Review(id=711)'] update=[] delete=[]
2025-12-30 00:18:45,796 [INFO] user_activity: DB change (user_id=11, username=www) add=['Order(id=10)'] update=[] delete=[]
2025-12-30 00:18:45,797 [INFO] user_activity: DB change (user_id=11, username=www) add=['OrderItem(id=None)', 'OrderItem(id=None)'] update=[] delete=[]
2025-12-30 00:19:51,242 [INFO] user_activity: User activity logging initialized, output -> C:\Users\ASUS\Desktop\new_web\new_web\logs\user_log.log
2025-12-30 00:19:53,026 [INFO] user_activity: User activity logging initialized, output -> C:\Users\ASUS\Desktop\new_web\new_web\logs\user_log.log
2025-12-30 00:19:54,911 [INFO] user_activity: User activity logging initialized, output -> C:\Users\ASUS\Desktop\new_web\new_web\logs\user_log.log
2025-12-30 10:27:16,642 [INFO] user_activity: User activity logging initialized, output -> C:\Users\ASUS\Desktop\new_web\new_web\logs\user_log.log
2025-12-30 10:27:17,257 [INFO] user_activity: User activity logging initialized, output -> C:\Users\ASUS\Desktop\new_web\new_web\logs\user_log.log
2025-12-30 10:54:28,167 [INFO] user_activity: Login success: user_id=1 username=10293339 email=1029573707@qq.com ip=127.0.0.1
2025-12-30 10:57:12,339 [INFO] user_activity: Logout: user_id=1 username=10293339 ip=127.0.0.1
2025-12-30 10:57:19,022 [INFO] user_activity: Login success: user_id=11 username=www email=17291138228@qq.com ip=127.0.0.1
2025-12-30 11:18:20,766 [INFO] user_activity: User activity logging initialized, output -> C:\Users\ASUS\Desktop\new_web\new_web\logs\user_log.log
2025-12-30 11:20:05,659 [INFO] user_activity: User activity logging initialized, output -> C:\Users\ASUS\Desktop\new_web\new_web\logs\user_log.log
2025-12-30 12:08:48,731 [INFO] user_activity: User activity logging initialized, output -> C:\Users\ASUS\Desktop\new_web\new_web\logs\user_log.log
2025-12-30 12:09:18,494 [INFO] user_activity: User activity logging initialized, output -> C:\Users\ASUS\Desktop\new_web\new_web\logs\user_log.log
2025-12-30 12:10:08,234 [INFO] user_activity: User activity logging initialized, output -> C:\Users\ASUS\Desktop\new_web\new_web\logs\user_log.log
2025-12-30 12:10:52,112 [INFO] user_activity: User activity logging initialized, output -> C:\Users\ASUS\Desktop\new_web\new_web\logs\user_log.log
2025-12-30 12:13:11,979 [INFO] user_activity: User activity logging initialized, output -> C:\Users\ASUS\Desktop\new_web\new_web\logs\user_log.log
2025-12-30 12:13:13,643 [INFO] user_activity: User activity logging initialized, output -> C:\Users\ASUS\Desktop\new_web\new_web\logs\user_log.log
2025-12-30 12:15:45,525 [INFO] user_activity: User activity logging initialized, output -> C:\Users\ASUS\Desktop\new_web\new_web\logs\user_log.log
2025-12-30 12:16:05,198 [INFO] user_activity: User activity logging initialized, output -> C:\Users\ASUS\Desktop\new_web\new_web\logs\user_log.log
2025-12-30 12:17:10,682 [INFO] user_activity: DB change (user_id=11, username=www) add=['ReviewLike(id=None)'] update=['Review(id=709)'] delete=[]
2025-12-30 12:17:15,712 [INFO] user_activity: Logout: user_id=11 username=www ip=127.0.0.1
2025-12-30 12:17:20,823 [INFO] user_activity: Login failed: email=17291138228@qq.com ip=127.0.0.1
2025-12-30 12:17:25,603 [INFO] user_activity: Login success: user_id=11 username=www email=17291138228@qq.com ip=127.0.0.1
2025-12-30 12:18:41,096 [INFO] user_activity: User activity logging initialized, output -> C:\Users\ASUS\Desktop\new_web\new_web\logs\user_log.log
2025-12-30 12:19:36,887 [INFO] user_activity: User activity logging initialized, output -> C:\Users\ASUS\Desktop\new_web\new_web\logs\user_log.log
2025-12-30 12:20:00,565 [INFO] user_activity: User activity logging initialized, output -> C:\Users\ASUS\Desktop\new_web\new_web\logs\user_log.log
2025-12-30 12:20:06,228 [INFO] user_activity: User activity logging initialized, output -> C:\Users\ASUS\Desktop\new_web\new_web\logs\user_log.log
2025-12-30 12:20:12,895 [INFO] user_activity: User activity logging initialized, output -> C:\Users\ASUS\Desktop\new_web\new_web\logs\user_log.log
2025-12-30 12:20:18,614 [INFO] user_activity: User activity logging initialized, output -> C:\Users\ASUS\Desktop\new_web\new_web\logs\user_log.log
2025-12-30 12:20:26,311 [INFO] user_activity: User activity logging initialized, output -> C:\Users\ASUS\Desktop\new_web\new_web\logs\user_log.log
2025-12-30 12:20:33,000 [INFO] user_activity: User activity logging initialized, output -> C:\Users\ASUS\Desktop\new_web\new_web\logs\user_log.log
2025-12-30 12:20:38,716 [INFO] user_activity: User activity logging initialized, output -> C:\Users\ASUS\Desktop\new_web\new_web\logs\user_log.log
2025-12-30 12:20:44,442 [INFO] user_activity: User activity logging initialized, output -> C:\Users\ASUS\Desktop\new_web\new_web\logs\user_log.log
2025-12-30 12:20:51,182 [INFO] user_activity: User activity logging initialized, output -> C:\Users\ASUS\Desktop\new_web\new_web\logs\user_log.log
2025-12-30 12:21:01,854 [INFO] user_activity: User activity logging initialized, output -> C:\Users\ASUS\Desktop\new_web\new_web\logs\user_log.log
2025-12-30 12:21:07,550 [INFO] user_activity: User activity logging initialized, output -> C:\Users\ASUS\Desktop\new_web\new_web\logs\user_log.log
2025-12-30 12:21:13,282 [INFO] user_activity: User activity logging initialized, output -> C:\Users\ASUS\Desktop\new_web\new_web\logs\user_log.log
2025-12-30 12:21:21,012 [INFO] user_activity: User activity logging initialized, output -> C:\Users\ASUS\Desktop\new_web\new_web\logs\user_log.log
2025-12-30 12:21:34,698 [INFO] user_activity: User activity logging initialized, output -> C:\Users\ASUS\Desktop\new_web\new_web\logs\user_log.log
2025-12-30 12:21:40,384 [INFO] user_activity: User activity logging initialized, output -> C:\Users\ASUS\Desktop\new_web\new_web\logs\user_log.log
2025-12-30 12:21:48,056 [INFO] user_activity: User activity logging initialized, output -> C:\Users\ASUS\Desktop\new_web\new_web\logs\user_log.log
2025-12-30 12:21:54,829 [INFO] user_activity: User activity logging initialized, output -> C:\Users\ASUS\Desktop\new_web\new_web\logs\user_log.log
2025-12-30 12:22:04,548 [INFO] user_activity: User activity logging initialized, output -> C:\Users\ASUS\Desktop\new_web\new_web\logs\user_log.log
2025-12-30 12:22:11,261 [INFO] user_activity: User activity logging initialized, output -> C:\Users\ASUS\Desktop\new_web\new_web\logs\user_log.log
2025-12-30 12:22:19,980 [INFO] user_activity: User activity logging initialized, output -> C:\Users\ASUS\Desktop\new_web\new_web\logs\user_log.log
2025-12-30 12:22:26,680 [INFO] user_activity: User activity logging initialized, output -> C:\Users\ASUS\Desktop\new_web\new_web\logs\user_log.log
2025-12-30 12:22:37,354 [INFO] user_activity: User activity logging initialized, output -> C:\Users\ASUS\Desktop\new_web\new_web\logs\user_log.log
2025-12-30 12:22:57,061 [INFO] user_activity: User activity logging initialized, output -> C:\Users\ASUS\Desktop\new_web\new_web\logs\user_log.log
2025-12-30 12:26:08,949 [INFO] user_activity: User activity logging initialized, output -> C:\Users\ASUS\Desktop\new_web\new_web\logs\user_log.log
2025-12-30 12:26:14,632 [INFO] user_activity: User activity logging initialized, output -> C:\Users\ASUS\Desktop\new_web\new_web\logs\user_log.log
2025-12-30 12:26:21,348 [INFO] user_activity: User activity logging initialized, output -> C:\Users\ASUS\Desktop\new_web\new_web\logs\user_log.log
2025-12-30 12:26:28,053 [INFO] user_activity: User activity logging initialized, output -> C:\Users\ASUS\Desktop\new_web\new_web\logs\user_log.log
2025-12-30 12:26:33,731 [INFO] user_activity: User activity logging initialized, output -> C:\Users\ASUS\Desktop\new_web\new_web\logs\user_log.log
2025-12-30 12:26:40,453 [INFO] user_activity: User activity logging initialized, output -> C:\Users\ASUS\Desktop\new_web\new_web\logs\user_log.log
2025-12-30 12:26:47,133 [INFO] user_activity: User activity logging initialized, output -> C:\Users\ASUS\Desktop\new_web\new_web\logs\user_log.log
2025-12-30 12:26:53,872 [INFO] user_activity: User activity logging initialized, output -> C:\Users\ASUS\Desktop\new_web\new_web\logs\user_log.log
2025-12-30 12:27:01,558 [INFO] user_activity: User activity logging initialized, output -> C:\Users\ASUS\Desktop\new_web\new_web\logs\user_log.log
2025-12-30 12:27:08,335 [INFO] user_activity: User activity logging initialized, output -> C:\Users\ASUS\Desktop\new_web\new_web\logs\user_log.log
2025-12-30 12:27:15,083 [INFO] user_activity: User activity logging initialized, output -> C:\Users\ASUS\Desktop\new_web\new_web\logs\user_log.log
2025-12-30 12:27:25,804 [INFO] user_activity: User activity logging initialized, output -> C:\Users\ASUS\Desktop\new_web\new_web\logs\user_log.log
2025-12-30 12:27:33,476 [INFO] user_activity: User activity logging initialized, output -> C:\Users\ASUS\Desktop\new_web\new_web\logs\user_log.log
2025-12-30 12:27:40,183 [INFO] user_activity: User activity logging initialized, output -> C:\Users\ASUS\Desktop\new_web\new_web\logs\user_log.log
2025-12-30 12:27:47,850 [INFO] user_activity: User activity logging initialized, output -> C:\Users\ASUS\Desktop\new_web\new_web\logs\user_log.log
2025-12-30 12:27:54,569 [INFO] user_activity: User activity logging initialized, output -> C:\Users\ASUS\Desktop\new_web\new_web\logs\user_log.log
2025-12-30 12:28:02,302 [INFO] user_activity: User activity logging initialized, output -> C:\Users\ASUS\Desktop\new_web\new_web\logs\user_log.log
2025-12-30 12:28:10,019 [INFO] user_activity: User activity logging initialized, output -> C:\Users\ASUS\Desktop\new_web\new_web\logs\user_log.log
2025-12-30 12:28:45,772 [INFO] user_activity: User activity logging initialized, output -> C:\Users\ASUS\Desktop\new_web\new_web\logs\user_log.log
2025-12-30 12:29:09,516 [INFO] user_activity: User activity logging initialized, output -> C:\Users\ASUS\Desktop\new_web\new_web\logs\user_log.log
2025-12-30 12:29:17,225 [INFO] user_activity: User activity logging initialized, output -> C:\Users\ASUS\Desktop\new_web\new_web\logs\user_log.log
2025-12-30 12:29:24,945 [INFO] user_activity: User activity logging initialized, output -> C:\Users\ASUS\Desktop\new_web\new_web\logs\user_log.log
2025-12-30 12:29:31,671 [INFO] user_activity: User activity logging initialized, output -> C:\Users\ASUS\Desktop\new_web\new_web\logs\user_log.log
2025-12-30 12:29:39,417 [INFO] user_activity: User activity logging initialized, output -> C:\Users\ASUS\Desktop\new_web\new_web\logs\user_log.log
2025-12-30 12:29:47,121 [INFO] user_activity: User activity logging initialized, output -> C:\Users\ASUS\Desktop\new_web\new_web\logs\user_log.log
2025-12-30 12:29:53,842 [INFO] user_activity: User activity logging initialized, output -> C:\Users\ASUS\Desktop\new_web\new_web\logs\user_log.log
2025-12-30 12:30:01,568 [INFO] user_activity: User activity logging initialized, output -> C:\Users\ASUS\Desktop\new_web\new_web\logs\user_log.log
2025-12-30 12:30:13,233 [INFO] user_activity: User activity logging initialized, output -> C:\Users\ASUS\Desktop\new_web\new_web\logs\user_log.log
2025-12-30 12:34:52,262 [INFO] user_activity: User activity logging initialized, output -> C:\Users\ASUS\Desktop\new_web\new_web\logs\user_log.log
2025-12-30 13:00:00,725 [INFO] user_activity: User activity logging initialized, output -> C:\Users\ASUS\Desktop\new_web\new_web\logs\user_log.log
2025-12-30 13:08:09,813 [INFO] user_activity: User activity logging initialized, output -> C:\Users\ASUS\Desktop\new_web\new_web\logs\user_log.log
2025-12-30 13:08:10,365 [INFO] user_activity: User activity logging initialized, output -> C:\Users\ASUS\Desktop\new_web\new_web\logs\user_log.log
2025-12-30 13:08:19,631 [INFO] user_activity: Logout: user_id=11 username=www ip=127.0.0.1
2025-12-30 13:08:24,516 [INFO] user_activity: Login success: user_id=1 username=10293339 email=1029573707@qq.com ip=127.0.0.1
2025-12-30 14:36:55,233 [INFO] user_activity: User activity logging initialized, output -> C:\Users\ASUS\Desktop\new_web\new_web\logs\user_log.log
2025-12-30 14:37:26,848 [INFO] user_activity: User activity logging initialized, output -> C:\Users\ASUS\Desktop\new_web\new_web\logs\user_log.log
2025-12-30 14:37:27,452 [INFO] user_activity: User activity logging initialized, output -> C:\Users\ASUS\Desktop\new_web\new_web\logs\user_log.log
2025-12-30 14:37:53,615 [INFO] user_activity: DB change (user_id=1, username=10293339) add=[] update=[] delete=['Review(id=710)']
2025-12-30 14:38:06,325 [INFO] user_activity: DB change (user_id=1, username=10293339) add=[] update=[] delete=['Review(id=709)']
2025-12-30 14:38:47,759 [INFO] user_activity: User activity logging initialized, output -> C:\Users\ASUS\Desktop\new_web\new_web\logs\user_log.log
2025-12-30 14:41:03,602 [INFO] user_activity: User activity logging initialized, output -> C:\Users\ASUS\Desktop\new_web\new_web\logs\user_log.log
2025-12-30 14:41:50,807 [INFO] user_activity: Login success: user_id=1 username=10293339 email=1029573707@qq.com ip=127.0.0.1
2025-12-30 14:42:11,728 [INFO] user_activity: User activity logging initialized, output -> C:\Users\ASUS\Desktop\new_web\new_web\logs\user_log.log
2025-12-30 14:42:21,393 [INFO] user_activity: User activity logging initialized, output -> C:\Users\ASUS\Desktop\new_web\new_web\logs\user_log.log
2025-12-30 14:42:28,043 [INFO] user_activity: DB change (user_id=1, username=10293339) add=[] update=[] delete=['Review(id=707)', 'Review(id=708)', 'Review(id=706)']
2025-12-30 14:43:31,066 [INFO] user_activity: User activity logging initialized, output -> C:\Users\ASUS\Desktop\new_web\new_web\logs\user_log.log
2025-12-30 14:43:57,673 [INFO] user_activity: DB change (user_id=1, username=10293339) add=[] update=[] delete=['Review(id=705)']
2025-12-30 14:44:03,023 [INFO] user_activity: DB change (user_id=1, username=10293339) add=[] update=[] delete=['Review(id=703)', 'Review(id=704)', 'Review(id=702)']
